Reading netlist file: "D:\github\HRA_product\FPGA_MSXtR\fpga\FPGA_MSXtR\impl\gwsynthesis\FPGA_MSXtR.vg"
Parsing netlist file "D:\github\HRA_product\FPGA_MSXtR\fpga\FPGA_MSXtR\impl\gwsynthesis\FPGA_MSXtR.vg" completed
Processing netlist completed
Running placement......
[10%] Placement Phase 0 completed
[20%] Placement Phase 1 completed
[30%] Placement Phase 2 completed
[50%] Placement Phase 3 completed
Running routing......
[60%] Routing Phase 0 completed
[70%] Routing Phase 1 completed
[80%] Routing Phase 2 completed
[90%] Routing Phase 3 completed
Running timing analysis......
[95%] Timing analysis completed
Placement and routing completed
Bitstream generation in progress......
Bitstream generation completed
Running power analysis......
[100%] Power analysis completed
Generate file "D:\github\HRA_product\FPGA_MSXtR\fpga\FPGA_MSXtR\impl\pnr\FPGA_MSXtR.power.html" completed
Generate file "D:\github\HRA_product\FPGA_MSXtR\fpga\FPGA_MSXtR\impl\pnr\FPGA_MSXtR.pin.html" completed
Generate file "D:\github\HRA_product\FPGA_MSXtR\fpga\FPGA_MSXtR\impl\pnr\FPGA_MSXtR.rpt.html" completed
Generate file "D:\github\HRA_product\FPGA_MSXtR\fpga\FPGA_MSXtR\impl\pnr\FPGA_MSXtR.rpt.txt" completed
Generate file "D:\github\HRA_product\FPGA_MSXtR\fpga\FPGA_MSXtR\impl\pnr\FPGA_MSXtR.tr.html" completed
Sat Mar 14 16:43:34 2026

