GowinSynthesis start
Running parser ...
Analyzing Verilog file 'D:\github\HRA_product\FPGA_MSXtR\fpga\FPGA_MSXtR\src\FPGA_MSXtR.v'
Analyzing Verilog file 'D:\github\HRA_product\FPGA_MSXtR\fpga\FPGA_MSXtR\src\FPGA_MSXtR_body.v'
Undeclared symbol 'w_ppi_cs', assumed default net type 'wire'("D:\github\HRA_product\FPGA_MSXtR\fpga\FPGA_MSXtR\src\FPGA_MSXtR_body.v":456)
Undeclared symbol 'w_rtc_cs', assumed default net type 'wire'("D:\github\HRA_product\FPGA_MSXtR\fpga\FPGA_MSXtR\src\FPGA_MSXtR_body.v":457)
Undeclared symbol 'w_cartridge_cs', assumed default net type 'wire'("D:\github\HRA_product\FPGA_MSXtR\fpga\FPGA_MSXtR\src\FPGA_MSXtR_body.v":458)
Undeclared symbol 'w_ssg_cs', assumed default net type 'wire'("D:\github\HRA_product\FPGA_MSXtR\fpga\FPGA_MSXtR\src\FPGA_MSXtR_body.v":459)
Undeclared symbol 'w_opll_cs', assumed default net type 'wire'("D:\github\HRA_product\FPGA_MSXtR\fpga\FPGA_MSXtR\src\FPGA_MSXtR_body.v":460)
Undeclared symbol 'w_kanji_cs', assumed default net type 'wire'("D:\github\HRA_product\FPGA_MSXtR\fpga\FPGA_MSXtR\src\FPGA_MSXtR_body.v":461)
Undeclared symbol 'w_megarom1_cs', assumed default net type 'wire'("D:\github\HRA_product\FPGA_MSXtR\fpga\FPGA_MSXtR\src\FPGA_MSXtR_body.v":462)
Undeclared symbol 'w_megarom2_cs', assumed default net type 'wire'("D:\github\HRA_product\FPGA_MSXtR\fpga\FPGA_MSXtR\src\FPGA_MSXtR_body.v":463)
Undeclared symbol 'w_bus_expslt0_ready', assumed default net type 'wire'("D:\github\HRA_product\FPGA_MSXtR\fpga\FPGA_MSXtR\src\FPGA_MSXtR_body.v":562)
Undeclared symbol 'w_bus_expslt3_ready', assumed default net type 'wire'("D:\github\HRA_product\FPGA_MSXtR\fpga\FPGA_MSXtR\src\FPGA_MSXtR_body.v":582)
Analyzing Verilog file 'D:\github\HRA_product\FPGA_MSXtR\fpga\FPGA_MSXtR\src\cr800\cr800.v'
Analyzing Verilog file 'D:\github\HRA_product\FPGA_MSXtR\fpga\FPGA_MSXtR\src\cr800\cr800_alu.v'
Analyzing Verilog file 'D:\github\HRA_product\FPGA_MSXtR\fpga\FPGA_MSXtR\src\cr800\cr800_inst.v'
Analyzing Verilog file 'D:\github\HRA_product\FPGA_MSXtR\fpga\FPGA_MSXtR\src\cr800\cr800_mcode.v'
Analyzing Verilog file 'D:\github\HRA_product\FPGA_MSXtR\fpga\FPGA_MSXtR\src\cr800\cr800_reg.v'
Analyzing Verilog file 'D:\github\HRA_product\FPGA_MSXtR\fpga\FPGA_MSXtR\src\cz80\cz80.v'
Analyzing Verilog file 'D:\github\HRA_product\FPGA_MSXtR\fpga\FPGA_MSXtR\src\cz80\cz80_alu.v'
Analyzing Verilog file 'D:\github\HRA_product\FPGA_MSXtR\fpga\FPGA_MSXtR\src\cz80\cz80_inst.v'
Analyzing Verilog file 'D:\github\HRA_product\FPGA_MSXtR\fpga\FPGA_MSXtR\src\cz80\cz80_mcode.v'
Analyzing Verilog file 'D:\github\HRA_product\FPGA_MSXtR\fpga\FPGA_MSXtR\src\cz80\cz80_reg.v'
Analyzing Verilog file 'D:\github\HRA_product\FPGA_MSXtR\fpga\FPGA_MSXtR\src\gowin_rpll\gowin_rpll.v'
Analyzing Verilog file 'D:\github\HRA_product\FPGA_MSXtR\fpga\FPGA_MSXtR\src\gowin_rpll\gowin_rpll2.v'
Analyzing Verilog file 'D:\github\HRA_product\FPGA_MSXtR\fpga\FPGA_MSXtR\src\gowin_rpll\gowin_rpll3.v'
Analyzing Verilog file 'D:\github\HRA_product\FPGA_MSXtR\fpga\FPGA_MSXtR\src\kanji_rom\kanji_rom.v'
Analyzing Verilog file 'D:\github\HRA_product\FPGA_MSXtR\fpga\FPGA_MSXtR\src\memory_mapper\memory_mapper.v'
Analyzing Verilog file 'D:\github\HRA_product\FPGA_MSXtR\fpga\FPGA_MSXtR\src\memory_mapper\memory_mapper_inst.v'
Analyzing Verilog file 'D:\github\HRA_product\FPGA_MSXtR\fpga\FPGA_MSXtR\src\opll\ikaopll\IKAOPLL.v'
Analyzing Verilog file 'D:\github\HRA_product\FPGA_MSXtR\fpga\FPGA_MSXtR\src\opll\ikaopll\IKAOPLL_modules\IKAOPLL_dac.v'
Analyzing Verilog file 'D:\github\HRA_product\FPGA_MSXtR\fpga\FPGA_MSXtR\src\opll\ikaopll\IKAOPLL_modules\IKAOPLL_eg.v'
Analyzing Verilog file 'D:\github\HRA_product\FPGA_MSXtR\fpga\FPGA_MSXtR\src\opll\ikaopll\IKAOPLL_modules\IKAOPLL_lfo.v'
Analyzing Verilog file 'D:\github\HRA_product\FPGA_MSXtR\fpga\FPGA_MSXtR\src\opll\ikaopll\IKAOPLL_modules\IKAOPLL_op.v'
Analyzing Verilog file 'D:\github\HRA_product\FPGA_MSXtR\fpga\FPGA_MSXtR\src\opll\ikaopll\IKAOPLL_modules\IKAOPLL_pg.v'
Analyzing Verilog file 'D:\github\HRA_product\FPGA_MSXtR\fpga\FPGA_MSXtR\src\opll\ikaopll\IKAOPLL_modules\IKAOPLL_primitives.v'
Analyzing Verilog file 'D:\github\HRA_product\FPGA_MSXtR\fpga\FPGA_MSXtR\src\opll\ikaopll\IKAOPLL_modules\IKAOPLL_reg.v'
Analyzing Verilog file 'D:\github\HRA_product\FPGA_MSXtR\fpga\FPGA_MSXtR\src\opll\ikaopll\IKAOPLL_modules\IKAOPLL_timinggen.v'
Analyzing Verilog file 'D:\github\HRA_product\FPGA_MSXtR\fpga\FPGA_MSXtR\src\opll\opll.v'
Analyzing Verilog file 'D:\github\HRA_product\FPGA_MSXtR\fpga\FPGA_MSXtR\src\ppi\ppi.v'
Analyzing Verilog file 'D:\github\HRA_product\FPGA_MSXtR\fpga\FPGA_MSXtR\src\sdram\ip_sdram_tangnano20k_c.v'
Analyzing Verilog file 'D:\github\HRA_product\FPGA_MSXtR\fpga\FPGA_MSXtR\src\ssg\ssg.v'
Analyzing Verilog file 'D:\github\HRA_product\FPGA_MSXtR\fpga\FPGA_MSXtR\src\s2026a\s2026a.v'
Analyzing Verilog file 'D:\github\HRA_product\FPGA_MSXtR\fpga\FPGA_MSXtR\src\rtc\rtc.v'
Analyzing Verilog file 'D:\github\HRA_product\FPGA_MSXtR\fpga\FPGA_MSXtR\src\secondary_slot\secondary_slot_inst.v'
Analyzing Verilog file 'D:\github\HRA_product\FPGA_MSXtR\fpga\FPGA_MSXtR\src\i2s_audio\i2s_audio.v'
Analyzing Verilog file 'D:\github\HRA_product\FPGA_MSXtR\fpga\FPGA_MSXtR\src\v9958\vdp.v'
Undeclared symbol 'w_vram_interleave', assumed default net type 'wire'("D:\github\HRA_product\FPGA_MSXtR\fpga\FPGA_MSXtR\src\v9958\vdp.v":303)
Undeclared symbol 'reg_ext_command_mode', assumed default net type 'wire'("D:\github\HRA_product\FPGA_MSXtR\fpga\FPGA_MSXtR\src\v9958\vdp.v":383)
Undeclared symbol 'reg_ext_palette_mode', assumed default net type 'wire'("D:\github\HRA_product\FPGA_MSXtR\fpga\FPGA_MSXtR\src\v9958\vdp.v":456)
Undeclared symbol 'reg_flat_interlace_mode', assumed default net type 'wire'("D:\github\HRA_product\FPGA_MSXtR\fpga\FPGA_MSXtR\src\v9958\vdp.v":470)
Analyzing Verilog file 'D:\github\HRA_product\FPGA_MSXtR\fpga\FPGA_MSXtR\src\v9958\vdp_color_palette.v'
Analyzing Verilog file 'D:\github\HRA_product\FPGA_MSXtR\fpga\FPGA_MSXtR\src\v9958\vdp_color_palette_ram.v'
Analyzing Verilog file 'D:\github\HRA_product\FPGA_MSXtR\fpga\FPGA_MSXtR\src\v9958\vdp_command.v'
Analyzing Verilog file 'D:\github\HRA_product\FPGA_MSXtR\fpga\FPGA_MSXtR\src\v9958\vdp_command_cache.v'
Analyzing Verilog file 'D:\github\HRA_product\FPGA_MSXtR\fpga\FPGA_MSXtR\src\v9958\vdp_cpu_interface.v'
Analyzing Verilog file 'D:\github\HRA_product\FPGA_MSXtR\fpga\FPGA_MSXtR\src\v9958\vdp_sprite_info_collect.v'
Analyzing Verilog file 'D:\github\HRA_product\FPGA_MSXtR\fpga\FPGA_MSXtR\src\v9958\vdp_sprite_makeup_pixel.v'
Analyzing Verilog file 'D:\github\HRA_product\FPGA_MSXtR\fpga\FPGA_MSXtR\src\v9958\vdp_sprite_select_visible_planes.v'
Analyzing Verilog file 'D:\github\HRA_product\FPGA_MSXtR\fpga\FPGA_MSXtR\src\v9958\vdp_timing_control.v'
Undeclared symbol 'reg_flat_interlace_mode', assumed default net type 'wire'("D:\github\HRA_product\FPGA_MSXtR\fpga\FPGA_MSXtR\src\v9958\vdp_timing_control.v":176)
Undeclared symbol 'reg_sprite_mode3', assumed default net type 'wire'("D:\github\HRA_product\FPGA_MSXtR\fpga\FPGA_MSXtR\src\v9958\vdp_timing_control.v":220)
Analyzing Verilog file 'D:\github\HRA_product\FPGA_MSXtR\fpga\FPGA_MSXtR\src\v9958\vdp_timing_control_screen_mode.v'
Analyzing Verilog file 'D:\github\HRA_product\FPGA_MSXtR\fpga\FPGA_MSXtR\src\v9958\vdp_timing_control_sprite.v'
Analyzing Verilog file 'D:\github\HRA_product\FPGA_MSXtR\fpga\FPGA_MSXtR\src\v9958\vdp_timing_control_ssg.v'
Undeclared symbol 'dot_phase', assumed default net type 'wire'("D:\github\HRA_product\FPGA_MSXtR\fpga\FPGA_MSXtR\src\v9958\vdp_timing_control_ssg.v":421)
Analyzing Verilog file 'D:\github\HRA_product\FPGA_MSXtR\fpga\FPGA_MSXtR\src\v9958\vdp_upscan.v'
Analyzing Verilog file 'D:\github\HRA_product\FPGA_MSXtR\fpga\FPGA_MSXtR\src\v9958\vdp_upscan_line_buffer.v'
Analyzing Verilog file 'D:\github\HRA_product\FPGA_MSXtR\fpga\FPGA_MSXtR\src\v9958\vdp_video_double_buffer.v'
Analyzing Verilog file 'D:\github\HRA_product\FPGA_MSXtR\fpga\FPGA_MSXtR\src\v9958\vdp_video_out.v'
Undeclared symbol 'w_display_en', assumed default net type 'wire'("D:\github\HRA_product\FPGA_MSXtR\fpga\FPGA_MSXtR\src\v9958\vdp_video_out.v":380)
Analyzing Verilog file 'D:\github\HRA_product\FPGA_MSXtR\fpga\FPGA_MSXtR\src\v9958\vdp_video_out_bilinear.v'
Analyzing Verilog file 'D:\github\HRA_product\FPGA_MSXtR\fpga\FPGA_MSXtR\src\v9958\vdp_video_ram_line_buffer.v'
Analyzing Verilog file 'D:\github\HRA_product\FPGA_MSXtR\fpga\FPGA_MSXtR\src\v9958\vdp_vram_interface.v'
Analyzing Verilog file 'D:\github\HRA_product\FPGA_MSXtR\fpga\FPGA_MSXtR\src\video_out\video_double_buffer.v'
Analyzing Verilog file 'D:\github\HRA_product\FPGA_MSXtR\fpga\FPGA_MSXtR\src\video_out\video_out.v'
Analyzing Verilog file 'D:\github\HRA_product\FPGA_MSXtR\fpga\FPGA_MSXtR\src\video_out\video_out_bilinear.v'
Analyzing Verilog file 'D:\github\HRA_product\FPGA_MSXtR\fpga\FPGA_MSXtR\src\video_out\video_out_hmag.v'
Analyzing Verilog file 'D:\github\HRA_product\FPGA_MSXtR\fpga\FPGA_MSXtR\src\video_out\video_ram_line_buffer.v'
Analyzing Verilog file 'D:\github\HRA_product\FPGA_MSXtR\fpga\FPGA_MSXtR\src\ssram\ssram.v'
Analyzing Verilog file 'D:\github\HRA_product\FPGA_MSXtR\fpga\FPGA_MSXtR\src\megarom\megarom_wo_scc.v'
Analyzing VHDL file 'D:\github\HRA_product\FPGA_MSXtR\fpga\FPGA_MSXtR\src\hdmi_tx\src\hdmi_tx_gw.vhd'
Analyzing entity 'hdmi_tx_scfifo'("D:\github\HRA_product\FPGA_MSXtR\fpga\FPGA_MSXtR\src\hdmi_tx\src\hdmi_tx_gw.vhd":126)
Analyzing architecture 'rtl'("D:\github\HRA_product\FPGA_MSXtR\fpga\FPGA_MSXtR\src\hdmi_tx\src\hdmi_tx_gw.vhd":147)
Analyzing entity 'hdmi_tx_delay'("D:\github\HRA_product\FPGA_MSXtR\fpga\FPGA_MSXtR\src\hdmi_tx\src\hdmi_tx_gw.vhd":235)
Analyzing architecture 'rtl'("D:\github\HRA_product\FPGA_MSXtR\fpga\FPGA_MSXtR\src\hdmi_tx\src\hdmi_tx_gw.vhd":250)
Analyzing entity 'hdmi_tx_audiopacket_submodule'("D:\github\HRA_product\FPGA_MSXtR\fpga\FPGA_MSXtR\src\hdmi_tx\src\hdmi_tx_gw.vhd":291)
Analyzing architecture 'rtl'("D:\github\HRA_product\FPGA_MSXtR\fpga\FPGA_MSXtR\src\hdmi_tx\src\hdmi_tx_gw.vhd":317)
Analyzing entity 'hdmi_tx_infopacket_submodule'("D:\github\HRA_product\FPGA_MSXtR\fpga\FPGA_MSXtR\src\hdmi_tx\src\hdmi_tx_gw.vhd":544)
Analyzing architecture 'rtl'("D:\github\HRA_product\FPGA_MSXtR\fpga\FPGA_MSXtR\src\hdmi_tx\src\hdmi_tx_gw.vhd":603)
Analyzing entity 'hdmi_tx_dataisland_submodule'("D:\github\HRA_product\FPGA_MSXtR\fpga\FPGA_MSXtR\src\hdmi_tx\src\hdmi_tx_gw.vhd":840)
Analyzing architecture 'rtl'("D:\github\HRA_product\FPGA_MSXtR\fpga\FPGA_MSXtR\src\hdmi_tx\src\hdmi_tx_gw.vhd":863)
Analyzing entity 'hdmi_tx_tmds_encoder_submodule'("D:\github\HRA_product\FPGA_MSXtR\fpga\FPGA_MSXtR\src\hdmi_tx\src\hdmi_tx_gw.vhd":1037)
Analyzing architecture 'rtl'("D:\github\HRA_product\FPGA_MSXtR\fpga\FPGA_MSXtR\src\hdmi_tx\src\hdmi_tx_gw.vhd":1058)
Analyzing entity 'hdmi_tx_pdiff_submodule'("D:\github\HRA_product\FPGA_MSXtR\fpga\FPGA_MSXtR\src\hdmi_tx\src\hdmi_tx_gw.vhd":1249)
Analyzing architecture 'rtl'("D:\github\HRA_product\FPGA_MSXtR\fpga\FPGA_MSXtR\src\hdmi_tx\src\hdmi_tx_gw.vhd":1269)
Analyzing entity 'hdmi_tx'("D:\github\HRA_product\FPGA_MSXtR\fpga\FPGA_MSXtR\src\hdmi_tx\src\hdmi_tx_gw.vhd":1397)
Analyzing architecture 'rtl'("D:\github\HRA_product\FPGA_MSXtR\fpga\FPGA_MSXtR\src\hdmi_tx\src\hdmi_tx_gw.vhd":1473)
Compiling module 'fpga_msxtr'("D:\github\HRA_product\FPGA_MSXtR\fpga\FPGA_MSXtR\src\FPGA_MSXtR.v":24)
Compiling module 'fpga_msxtr_body'("D:\github\HRA_product\FPGA_MSXtR\fpga\FPGA_MSXtR\src\FPGA_MSXtR_body.v":44)
Compiling module 'Gowin_rPLL'("D:\github\HRA_product\FPGA_MSXtR\fpga\FPGA_MSXtR\src\gowin_rpll\gowin_rpll.v":9)
Compiling module 'Gowin_rPLL2'("D:\github\HRA_product\FPGA_MSXtR\fpga\FPGA_MSXtR\src\gowin_rpll\gowin_rpll2.v":9)
Compiling module 'Gowin_rPLL3'("D:\github\HRA_product\FPGA_MSXtR\fpga\FPGA_MSXtR\src\gowin_rpll\gowin_rpll3.v":9)
Compiling module 'cz80_inst'("D:\github\HRA_product\FPGA_MSXtR\fpga\FPGA_MSXtR\src\cz80\cz80_inst.v":63)
Compiling module 'cz80'("D:\github\HRA_product\FPGA_MSXtR\fpga\FPGA_MSXtR\src\cz80\cz80.v":63)
Compiling module 'cz80_mcode'("D:\github\HRA_product\FPGA_MSXtR\fpga\FPGA_MSXtR\src\cz80\cz80_mcode.v":63)
Compiling module 'cz80_alu'("D:\github\HRA_product\FPGA_MSXtR\fpga\FPGA_MSXtR\src\cz80\cz80_alu.v":63)
WARN  (EX3791) : Expression size 17 truncated to fit in target size 16("D:\github\HRA_product\FPGA_MSXtR\fpga\FPGA_MSXtR\src\cz80\cz80.v":382)
WARN  (EX3791) : Expression size 17 truncated to fit in target size 16("D:\github\HRA_product\FPGA_MSXtR\fpga\FPGA_MSXtR\src\cz80\cz80.v":528)
WARN  (EX3791) : Expression size 32 truncated to fit in target size 16("D:\github\HRA_product\FPGA_MSXtR\fpga\FPGA_MSXtR\src\cz80\cz80.v":531)
WARN  (EX3791) : Expression size 32 truncated to fit in target size 16("D:\github\HRA_product\FPGA_MSXtR\fpga\FPGA_MSXtR\src\cz80\cz80.v":544)
WARN  (EX3791) : Expression size 17 truncated to fit in target size 16("D:\github\HRA_product\FPGA_MSXtR\fpga\FPGA_MSXtR\src\cz80\cz80.v":547)
Compiling module 'cz80_registers'("D:\github\HRA_product\FPGA_MSXtR\fpga\FPGA_MSXtR\src\cz80\cz80_reg.v":55)
WARN  (EX3791) : Expression size 4 truncated to fit in target size 3("D:\github\HRA_product\FPGA_MSXtR\fpga\FPGA_MSXtR\src\cz80\cz80.v":1011)
Compiling module 'cr800_inst'("D:\github\HRA_product\FPGA_MSXtR\fpga\FPGA_MSXtR\src\cr800\cr800_inst.v":63)
Compiling module 'cr800'("D:\github\HRA_product\FPGA_MSXtR\fpga\FPGA_MSXtR\src\cr800\cr800.v":63)
Compiling module 'cr800_mcode'("D:\github\HRA_product\FPGA_MSXtR\fpga\FPGA_MSXtR\src\cr800\cr800_mcode.v":63)
Compiling module 'cr800_alu'("D:\github\HRA_product\FPGA_MSXtR\fpga\FPGA_MSXtR\src\cr800\cr800_alu.v":63)
WARN  (EX3791) : Expression size 17 truncated to fit in target size 16("D:\github\HRA_product\FPGA_MSXtR\fpga\FPGA_MSXtR\src\cr800\cr800.v":382)
WARN  (EX3791) : Expression size 17 truncated to fit in target size 16("D:\github\HRA_product\FPGA_MSXtR\fpga\FPGA_MSXtR\src\cr800\cr800.v":528)
WARN  (EX3791) : Expression size 32 truncated to fit in target size 16("D:\github\HRA_product\FPGA_MSXtR\fpga\FPGA_MSXtR\src\cr800\cr800.v":531)
WARN  (EX3791) : Expression size 32 truncated to fit in target size 16("D:\github\HRA_product\FPGA_MSXtR\fpga\FPGA_MSXtR\src\cr800\cr800.v":544)
WARN  (EX3791) : Expression size 17 truncated to fit in target size 16("D:\github\HRA_product\FPGA_MSXtR\fpga\FPGA_MSXtR\src\cr800\cr800.v":547)
Compiling module 'cr800_registers'("D:\github\HRA_product\FPGA_MSXtR\fpga\FPGA_MSXtR\src\cr800\cr800_reg.v":55)
WARN  (EX3791) : Expression size 4 truncated to fit in target size 3("D:\github\HRA_product\FPGA_MSXtR\fpga\FPGA_MSXtR\src\cr800\cr800.v":1011)
Compiling module 's2026a'("D:\github\HRA_product\FPGA_MSXtR\fpga\FPGA_MSXtR\src\s2026a\s2026a.v":34)
Compiling module 'ppi'("D:\github\HRA_product\FPGA_MSXtR\fpga\FPGA_MSXtR\src\ppi\ppi.v":58)
Compiling module 'rtc'("D:\github\HRA_product\FPGA_MSXtR\fpga\FPGA_MSXtR\src\rtc\rtc.v":53)
Extracting RAM for identifier 'ff_memory'("D:\github\HRA_product\FPGA_MSXtR\fpga\FPGA_MSXtR\src\rtc\rtc.v":93)
Compiling module 'secondary_slot_inst'("D:\github\HRA_product\FPGA_MSXtR\fpga\FPGA_MSXtR\src\secondary_slot\secondary_slot_inst.v":58)
Compiling module 'ssg'("D:\github\HRA_product\FPGA_MSXtR\fpga\FPGA_MSXtR\src\ssg\ssg.v":58)
WARN  (EX3791) : Expression size 32 truncated to fit in target size 5("D:\github\HRA_product\FPGA_MSXtR\fpga\FPGA_MSXtR\src\ssg\ssg.v":429)
WARN  (EX3791) : Expression size 32 truncated to fit in target size 5("D:\github\HRA_product\FPGA_MSXtR\fpga\FPGA_MSXtR\src\ssg\ssg.v":432)
WARN  (EX3791) : Expression size 32 truncated to fit in target size 16("D:\github\HRA_product\FPGA_MSXtR\fpga\FPGA_MSXtR\src\ssg\ssg.v":480)
WARN  (EX3791) : Expression size 32 truncated to fit in target size 16("D:\github\HRA_product\FPGA_MSXtR\fpga\FPGA_MSXtR\src\ssg\ssg.v":483)
WARN  (EX3791) : Expression size 32 truncated to fit in target size 6("D:\github\HRA_product\FPGA_MSXtR\fpga\FPGA_MSXtR\src\ssg\ssg.v":500)
WARN  (EX3791) : Expression size 6 truncated to fit in target size 5("D:\github\HRA_product\FPGA_MSXtR\fpga\FPGA_MSXtR\src\ssg\ssg.v":517)
WARN  (EX3791) : Expression size 6 truncated to fit in target size 5("D:\github\HRA_product\FPGA_MSXtR\fpga\FPGA_MSXtR\src\ssg\ssg.v":520)
Compiling module 'ip_opll'("D:\github\HRA_product\FPGA_MSXtR\fpga\FPGA_MSXtR\src\opll\opll.v":7)
Compiling module 'IKAOPLL(FAST_RESET=1,USE_PIPELINED_MULTIPLIER=1)'("D:\github\HRA_product\FPGA_MSXtR\fpga\FPGA_MSXtR\src\opll\ikaopll\IKAOPLL.v":1)
Compiling module 'IKAOPLL_timinggen(FAST_RESET=1)'("D:\github\HRA_product\FPGA_MSXtR\fpga\FPGA_MSXtR\src\opll\ikaopll\IKAOPLL_modules\IKAOPLL_timinggen.v":1)
Compiling module 'IKAOPLL_reg'("D:\github\HRA_product\FPGA_MSXtR\fpga\FPGA_MSXtR\src\opll\ikaopll\IKAOPLL_modules\IKAOPLL_reg.v":1)
Compiling module 'IKAOPLL_rw_synchronizer'("D:\github\HRA_product\FPGA_MSXtR\fpga\FPGA_MSXtR\src\opll\ikaopll\IKAOPLL_modules\IKAOPLL_reg.v":467)
Compiling module 'IKAOPLL_d9reg(WIDTH=8)'("D:\github\HRA_product\FPGA_MSXtR\fpga\FPGA_MSXtR\src\opll\ikaopll\IKAOPLL_modules\IKAOPLL_reg.v":525)
Compiling module 'IKAOPLL_sr(WIDTH=8,TAP0=2,TAP1=5,TAP2=8)'("D:\github\HRA_product\FPGA_MSXtR\fpga\FPGA_MSXtR\src\opll\ikaopll\IKAOPLL_modules\IKAOPLL_primitives.v":31)
Compiling module 'IKAOPLL_d9reg'("D:\github\HRA_product\FPGA_MSXtR\fpga\FPGA_MSXtR\src\opll\ikaopll\IKAOPLL_modules\IKAOPLL_reg.v":525)
Compiling module 'IKAOPLL_sr(TAP0=2,TAP1=5,TAP2=8)'("D:\github\HRA_product\FPGA_MSXtR\fpga\FPGA_MSXtR\src\opll\ikaopll\IKAOPLL_modules\IKAOPLL_primitives.v":31)
Compiling module 'IKAOPLL_d9reg(WIDTH=3)'("D:\github\HRA_product\FPGA_MSXtR\fpga\FPGA_MSXtR\src\opll\ikaopll\IKAOPLL_modules\IKAOPLL_reg.v":525)
Compiling module 'IKAOPLL_sr(WIDTH=3,TAP0=2,TAP1=5,TAP2=8)'("D:\github\HRA_product\FPGA_MSXtR\fpga\FPGA_MSXtR\src\opll\ikaopll\IKAOPLL_modules\IKAOPLL_primitives.v":31)
Compiling module 'IKAOPLL_d9reg(WIDTH=4)'("D:\github\HRA_product\FPGA_MSXtR\fpga\FPGA_MSXtR\src\opll\ikaopll\IKAOPLL_modules\IKAOPLL_reg.v":525)
Compiling module 'IKAOPLL_sr(WIDTH=4,TAP0=2,TAP1=5,TAP2=8)'("D:\github\HRA_product\FPGA_MSXtR\fpga\FPGA_MSXtR\src\opll\ikaopll\IKAOPLL_modules\IKAOPLL_primitives.v":31)
Compiling module 'IKAOPLL_instrom'("D:\github\HRA_product\FPGA_MSXtR\fpga\FPGA_MSXtR\src\opll\ikaopll\IKAOPLL_modules\IKAOPLL_reg.v":554)
Compiling module 'IKAOPLL_lfo'("D:\github\HRA_product\FPGA_MSXtR\fpga\FPGA_MSXtR\src\opll\ikaopll\IKAOPLL_modules\IKAOPLL_lfo.v":1)
Compiling module 'IKAOPLL_pg'("D:\github\HRA_product\FPGA_MSXtR\fpga\FPGA_MSXtR\src\opll\ikaopll\IKAOPLL_modules\IKAOPLL_pg.v":1)
Compiling module 'IKAOPLL_sr(WIDTH=19,LENGTH=15)'("D:\github\HRA_product\FPGA_MSXtR\fpga\FPGA_MSXtR\src\opll\ikaopll\IKAOPLL_modules\IKAOPLL_primitives.v":31)
Compiling module 'IKAOPLL_eg'("D:\github\HRA_product\FPGA_MSXtR\fpga\FPGA_MSXtR\src\opll\ikaopll\IKAOPLL_modules\IKAOPLL_eg.v":1)
Compiling module 'IKAOPLL_sr(WIDTH=2,LENGTH=18,TAP0=16)'("D:\github\HRA_product\FPGA_MSXtR\fpga\FPGA_MSXtR\src\opll\ikaopll\IKAOPLL_modules\IKAOPLL_primitives.v":31)
Compiling module 'IKAOPLL_sr(WIDTH=7,LENGTH=17,TAP0=15,TAP1=16)'("D:\github\HRA_product\FPGA_MSXtR\fpga\FPGA_MSXtR\src\opll\ikaopll\IKAOPLL_modules\IKAOPLL_primitives.v":31)
Compiling module 'IKAOPLL_op'("D:\github\HRA_product\FPGA_MSXtR\fpga\FPGA_MSXtR\src\opll\ikaopll\IKAOPLL_modules\IKAOPLL_op.v":1)
Compiling module 'IKAOPLL_logsinrom'("D:\github\HRA_product\FPGA_MSXtR\fpga\FPGA_MSXtR\src\opll\ikaopll\IKAOPLL_modules\IKAOPLL_op.v":277)
Compiling module 'IKAOPLL_exprom'("D:\github\HRA_product\FPGA_MSXtR\fpga\FPGA_MSXtR\src\opll\ikaopll\IKAOPLL_modules\IKAOPLL_op.v":325)
Compiling module 'IKAOPLL_sr(WIDTH=12,TAP0=6)'("D:\github\HRA_product\FPGA_MSXtR\fpga\FPGA_MSXtR\src\opll\ikaopll\IKAOPLL_modules\IKAOPLL_primitives.v":31)
Compiling module 'IKAOPLL_dac'("D:\github\HRA_product\FPGA_MSXtR\fpga\FPGA_MSXtR\src\opll\ikaopll\IKAOPLL_modules\IKAOPLL_dac.v":1)
Compiling module 'IKAOPLL_sr(WIDTH=9,LENGTH=5)'("D:\github\HRA_product\FPGA_MSXtR\fpga\FPGA_MSXtR\src\opll\ikaopll\IKAOPLL_modules\IKAOPLL_primitives.v":31)
Compiling module 'i2s_audio'("D:\github\HRA_product\FPGA_MSXtR\fpga\FPGA_MSXtR\src\i2s_audio\i2s_audio.v":58)
WARN  (EX3791) : Expression size 17 truncated to fit in target size 16("D:\github\HRA_product\FPGA_MSXtR\fpga\FPGA_MSXtR\src\FPGA_MSXtR_body.v":648)
Compiling module 'vdp'("D:\github\HRA_product\FPGA_MSXtR\fpga\FPGA_MSXtR\src\v9958\vdp.v":58)
Compiling module 'vdp_cpu_interface'("D:\github\HRA_product\FPGA_MSXtR\fpga\FPGA_MSXtR\src\v9958\vdp_cpu_interface.v":58)
WARN  (EX3791) : Expression size 5 truncated to fit in target size 3("D:\github\HRA_product\FPGA_MSXtR\fpga\FPGA_MSXtR\src\v9958\vdp_cpu_interface.v":744)
WARN  (EX3791) : Expression size 5 truncated to fit in target size 3("D:\github\HRA_product\FPGA_MSXtR\fpga\FPGA_MSXtR\src\v9958\vdp_cpu_interface.v":745)
WARN  (EX3791) : Expression size 5 truncated to fit in target size 3("D:\github\HRA_product\FPGA_MSXtR\fpga\FPGA_MSXtR\src\v9958\vdp_cpu_interface.v":746)
Compiling module 'vdp_timing_control'("D:\github\HRA_product\FPGA_MSXtR\fpga\FPGA_MSXtR\src\v9958\vdp_timing_control.v":57)
Compiling module 'vdp_timing_control_ssg'("D:\github\HRA_product\FPGA_MSXtR\fpga\FPGA_MSXtR\src\v9958\vdp_timing_control_ssg.v":58)
Compiling module 'vdp_timing_control_screen_mode'("D:\github\HRA_product\FPGA_MSXtR\fpga\FPGA_MSXtR\src\v9958\vdp_timing_control_screen_mode.v":58)
WARN  (EX3791) : Expression size 18 truncated to fit in target size 17("D:\github\HRA_product\FPGA_MSXtR\fpga\FPGA_MSXtR\src\v9958\vdp_timing_control_screen_mode.v":301)
WARN  (EX3791) : Expression size 18 truncated to fit in target size 17("D:\github\HRA_product\FPGA_MSXtR\fpga\FPGA_MSXtR\src\v9958\vdp_timing_control_screen_mode.v":307)
Compiling module 'vdp_timing_control_sprite'("D:\github\HRA_product\FPGA_MSXtR\fpga\FPGA_MSXtR\src\v9958\vdp_timing_control_sprite.v":58)
Compiling module 'vdp_sprite_select_visible_planes'("D:\github\HRA_product\FPGA_MSXtR\fpga\FPGA_MSXtR\src\v9958\vdp_sprite_select_visible_planes.v":58)
Compiling module 'vdp_sprite_info_collect'("D:\github\HRA_product\FPGA_MSXtR\fpga\FPGA_MSXtR\src\v9958\vdp_sprite_info_collect.v":58)
Compiling module 'vdp_sprite_makeup_pixel'("D:\github\HRA_product\FPGA_MSXtR\fpga\FPGA_MSXtR\src\v9958\vdp_sprite_makeup_pixel.v":58)
WARN  (EX1998) : Net 'w_sample_x[6]' does not have a driver("D:\github\HRA_product\FPGA_MSXtR\fpga\FPGA_MSXtR\src\v9958\vdp_timing_control_sprite.v":135)
WARN  (EX1998) : Net 'reg_flat_interlace_mode' does not have a driver("D:\github\HRA_product\FPGA_MSXtR\fpga\FPGA_MSXtR\src\v9958\vdp_timing_control.v":176)
WARN  (EX1998) : Net 'reg_sprite_mode3' does not have a driver("D:\github\HRA_product\FPGA_MSXtR\fpga\FPGA_MSXtR\src\v9958\vdp_timing_control.v":220)
Compiling module 'vdp_command'("D:\github\HRA_product\FPGA_MSXtR\fpga\FPGA_MSXtR\src\v9958\vdp_command.v":57)
WARN  (EX3791) : Expression size 18 truncated to fit in target size 17("D:\github\HRA_product\FPGA_MSXtR\fpga\FPGA_MSXtR\src\v9958\vdp_command.v":295)
WARN  (EX3791) : Expression size 18 truncated to fit in target size 17("D:\github\HRA_product\FPGA_MSXtR\fpga\FPGA_MSXtR\src\v9958\vdp_command.v":300)
Compiling module 'vdp_command_cache'("D:\github\HRA_product\FPGA_MSXtR\fpga\FPGA_MSXtR\src\v9958\vdp_command_cache.v":57)
Compiling module 'vdp_vram_interface'("D:\github\HRA_product\FPGA_MSXtR\fpga\FPGA_MSXtR\src\v9958\vdp_vram_interface.v":58)
Compiling module 'vdp_color_palette'("D:\github\HRA_product\FPGA_MSXtR\fpga\FPGA_MSXtR\src\v9958\vdp_color_palette.v":58)
Compiling module 'vdp_color_palette_ram'("D:\github\HRA_product\FPGA_MSXtR\fpga\FPGA_MSXtR\src\v9958\vdp_color_palette_ram.v":58)
Extracting RAM for identifier 'ram'("D:\github\HRA_product\FPGA_MSXtR\fpga\FPGA_MSXtR\src\v9958\vdp_color_palette_ram.v":73)
WARN  (EX3791) : Expression size 5 truncated to fit in target size 3("D:\github\HRA_product\FPGA_MSXtR\fpga\FPGA_MSXtR\src\v9958\vdp_color_palette.v":573)
WARN  (EX3791) : Expression size 5 truncated to fit in target size 3("D:\github\HRA_product\FPGA_MSXtR\fpga\FPGA_MSXtR\src\v9958\vdp_color_palette.v":574)
WARN  (EX3791) : Expression size 5 truncated to fit in target size 3("D:\github\HRA_product\FPGA_MSXtR\fpga\FPGA_MSXtR\src\v9958\vdp_color_palette.v":575)
Compiling module 'vdp_upscan'("D:\github\HRA_product\FPGA_MSXtR\fpga\FPGA_MSXtR\src\v9958\vdp_upscan.v":60)
Compiling module 'vdp_upscan_line_buffer'("D:\github\HRA_product\FPGA_MSXtR\fpga\FPGA_MSXtR\src\v9958\vdp_upscan_line_buffer.v":58)
Extracting RAM for identifier 'ff_imem'("D:\github\HRA_product\FPGA_MSXtR\fpga\FPGA_MSXtR\src\v9958\vdp_upscan_line_buffer.v":66)
Compiling module 'vdp_video_out'("D:\github\HRA_product\FPGA_MSXtR\fpga\FPGA_MSXtR\src\v9958\vdp_video_out.v":60)
Compiling module 'vdp_video_double_buffer'("D:\github\HRA_product\FPGA_MSXtR\fpga\FPGA_MSXtR\src\v9958\vdp_video_double_buffer.v":58)
Compiling module 'vdp_video_ram_line_buffer'("D:\github\HRA_product\FPGA_MSXtR\fpga\FPGA_MSXtR\src\v9958\vdp_video_ram_line_buffer.v":58)
Extracting RAM for identifier 'ff_imem'("D:\github\HRA_product\FPGA_MSXtR\fpga\FPGA_MSXtR\src\v9958\vdp_video_ram_line_buffer.v":66)
Compiling module 'vdp_video_out_bilinear'("D:\github\HRA_product\FPGA_MSXtR\fpga\FPGA_MSXtR\src\v9958\vdp_video_out_bilinear.v":60)
WARN  (EX1998) : Net 'reg_ext_command_mode' does not have a driver("D:\github\HRA_product\FPGA_MSXtR\fpga\FPGA_MSXtR\src\v9958\vdp.v":383)
WARN  (EX1998) : Net 'reg_ext_palette_mode' does not have a driver("D:\github\HRA_product\FPGA_MSXtR\fpga\FPGA_MSXtR\src\v9958\vdp.v":456)
WARN  (EX1998) : Net 'reg_flat_interlace_mode' does not have a driver("D:\github\HRA_product\FPGA_MSXtR\fpga\FPGA_MSXtR\src\v9958\vdp.v":470)
Compiling module 'ssram'("D:\github\HRA_product\FPGA_MSXtR\fpga\FPGA_MSXtR\src\ssram\ssram.v":7)
Extracting RAM for identifier 'burst_fifo'("D:\github\HRA_product\FPGA_MSXtR\fpga\FPGA_MSXtR\src\ssram\ssram.v":89)
Compiling module 'ip_sdram'("D:\github\HRA_product\FPGA_MSXtR\fpga\FPGA_MSXtR\src\sdram\ip_sdram_tangnano20k_c.v":57)
WARN  (EX3791) : Expression size 32 truncated to fit in target size 15("D:\github\HRA_product\FPGA_MSXtR\fpga\FPGA_MSXtR\src\sdram\ip_sdram_tangnano20k_c.v":285)
Compiling module 'kanji_rom'("D:\github\HRA_product\FPGA_MSXtR\fpga\FPGA_MSXtR\src\kanji_rom\kanji_rom.v":58)
Compiling module 'megarom_wo_scc'("D:\github\HRA_product\FPGA_MSXtR\fpga\FPGA_MSXtR\src\megarom\megarom_wo_scc.v":58)
Compiling module 'memory_mapper_inst'("D:\github\HRA_product\FPGA_MSXtR\fpga\FPGA_MSXtR\src\memory_mapper\memory_mapper_inst.v":58)
Compiling module 'memory_mapper'("D:\github\HRA_product\FPGA_MSXtR\fpga\FPGA_MSXtR\src\memory_mapper\memory_mapper.v":58)
Switching to VHDL mode to elaborate design unit 'hdmi_tx'("D:\github\HRA_product\FPGA_MSXtR\fpga\FPGA_MSXtR\src\FPGA_MSXtR_body.v":934)
Processing 'hdmi_tx(device_family="MAX 10",clock_frequency=27.0,use_extcontrol="ON",audio_frequency=48.0)(1,6)(1,4)(1,2)(1,8)(1,4)(1,4)(1,4)(1,3)(1,3)(1,7)(1,8)(1,2)(RTL)'("D:\github\HRA_product\FPGA_MSXtR\fpga\FPGA_MSXtR\src\hdmi_tx\src\hdmi_tx_gw.vhd":1397)
WARN  (EX4196) : Comparison between unequal length arrays always returns FALSE, left argument length 4 is different from right argument length 3 for 'string' array("D:\github\HRA_product\FPGA_MSXtR\fpga\FPGA_MSXtR\src\hdmi_tx\src\hdmi_tx_gw.vhd":1559)
Processing 'hdmi_tx_audiopacket_submodule(audio_frequency=48.0)(RTL)'("D:\github\HRA_product\FPGA_MSXtR\fpga\FPGA_MSXtR\src\hdmi_tx\src\hdmi_tx_gw.vhd":291)
Processing 'hdmi_tx_scfifo(fifo_word_width=8,fifo_data_width=9)(1,4)(RTL)'("D:\github\HRA_product\FPGA_MSXtR\fpga\FPGA_MSXtR\src\hdmi_tx\src\hdmi_tx_gw.vhd":126)
Extracting RAM for identifier 'ram'("D:\github\HRA_product\FPGA_MSXtR\fpga\FPGA_MSXtR\src\hdmi_tx\src\hdmi_tx_gw.vhd":154)
Processing 'hdmi_tx_infopacket_submodule(clock_frequency=27.0,audio_frequency=48.0)(1,4)(1,4)(1,4)(1,3)(1,3)(1,7)(1,8)(RTL)'("D:\github\HRA_product\FPGA_MSXtR\fpga\FPGA_MSXtR\src\hdmi_tx\src\hdmi_tx_gw.vhd":544)
WARN  (EX4196) : Comparison between unequal length arrays always returns FALSE, left argument length 4 is different from right argument length 5 for 'string' array("D:\github\HRA_product\FPGA_MSXtR\fpga\FPGA_MSXtR\src\hdmi_tx\src\hdmi_tx_gw.vhd":658)
WARN  (EX4196) : Comparison between unequal length arrays always returns FALSE, left argument length 4 is different from right argument length 3 for 'string' array("D:\github\HRA_product\FPGA_MSXtR\fpga\FPGA_MSXtR\src\hdmi_tx\src\hdmi_tx_gw.vhd":660)
WARN  (EX4196) : Comparison between unequal length arrays always returns FALSE, left argument length 3 is different from right argument length 6 for 'string' array("D:\github\HRA_product\FPGA_MSXtR\fpga\FPGA_MSXtR\src\hdmi_tx\src\hdmi_tx_gw.vhd":662)
WARN  (EX4196) : Comparison between unequal length arrays always returns FALSE, left argument length 3 is different from right argument length 5 for 'string' array("D:\github\HRA_product\FPGA_MSXtR\fpga\FPGA_MSXtR\src\hdmi_tx\src\hdmi_tx_gw.vhd":662)
WARN  (EX4196) : Comparison between unequal length arrays always returns FALSE, left argument length 4 is different from right argument length 3 for 'string' array("D:\github\HRA_product\FPGA_MSXtR\fpga\FPGA_MSXtR\src\hdmi_tx\src\hdmi_tx_gw.vhd":665)
WARN  (EX4196) : Comparison between unequal length arrays always returns FALSE, left argument length 3 is different from right argument length 5 for 'string' array("D:\github\HRA_product\FPGA_MSXtR\fpga\FPGA_MSXtR\src\hdmi_tx\src\hdmi_tx_gw.vhd":668)
WARN  (EX4196) : Comparison between unequal length arrays always returns FALSE, left argument length 3 is different from right argument length 5 for 'string' array("D:\github\HRA_product\FPGA_MSXtR\fpga\FPGA_MSXtR\src\hdmi_tx\src\hdmi_tx_gw.vhd":668)
WARN  (EX4196) : Comparison between unequal length arrays always returns FALSE, left argument length 3 is different from right argument length 8 for 'string' array("D:\github\HRA_product\FPGA_MSXtR\fpga\FPGA_MSXtR\src\hdmi_tx\src\hdmi_tx_gw.vhd":668)
WARN  (EX4196) : Comparison between unequal length arrays always returns FALSE, left argument length 3 is different from right argument length 8 for 'string' array("D:\github\HRA_product\FPGA_MSXtR\fpga\FPGA_MSXtR\src\hdmi_tx\src\hdmi_tx_gw.vhd":668)
WARN  (EX4196) : Comparison between unequal length arrays always returns FALSE, left argument length 3 is different from right argument length 8 for 'string' array("D:\github\HRA_product\FPGA_MSXtR\fpga\FPGA_MSXtR\src\hdmi_tx\src\hdmi_tx_gw.vhd":669)
WARN  (EX4196) : Comparison between unequal length arrays always returns FALSE, left argument length 8 is different from right argument length 5 for 'string' array("D:\github\HRA_product\FPGA_MSXtR\fpga\FPGA_MSXtR\src\hdmi_tx\src\hdmi_tx_gw.vhd":674)
WARN  (EX4196) : Comparison between unequal length arrays always returns FALSE, left argument length 8 is different from right argument length 6 for 'string' array("D:\github\HRA_product\FPGA_MSXtR\fpga\FPGA_MSXtR\src\hdmi_tx\src\hdmi_tx_gw.vhd":674)
WARN  (EX4196) : Comparison between unequal length arrays always returns FALSE, left argument length 8 is different from right argument length 4 for 'string' array("D:\github\HRA_product\FPGA_MSXtR\fpga\FPGA_MSXtR\src\hdmi_tx\src\hdmi_tx_gw.vhd":674)
WARN  (EX1998) : Net 'infotable_sig[6][7]' does not have a driver("D:\github\HRA_product\FPGA_MSXtR\fpga\FPGA_MSXtR\src\hdmi_tx\src\hdmi_tx_gw.vhd":691)
Processing 'hdmi_tx_dataisland_submodule(RTL)'("D:\github\HRA_product\FPGA_MSXtR\fpga\FPGA_MSXtR\src\hdmi_tx\src\hdmi_tx_gw.vhd":840)
WARN  (EX4196) : Comparison between unequal length arrays always returns FALSE, left argument length 4 is different from right argument length 8 for 'string' array("D:\github\HRA_product\FPGA_MSXtR\fpga\FPGA_MSXtR\src\hdmi_tx\src\hdmi_tx_gw.vhd":1692)
WARN  (EX4196) : Comparison between unequal length arrays always returns FALSE, left argument length 4 is different from right argument length 3 for 'string' array("D:\github\HRA_product\FPGA_MSXtR\fpga\FPGA_MSXtR\src\hdmi_tx\src\hdmi_tx_gw.vhd":1738)
Processing 'hdmi_tx_tmds_encoder_submodule(RTL)'("D:\github\HRA_product\FPGA_MSXtR\fpga\FPGA_MSXtR\src\hdmi_tx\src\hdmi_tx_gw.vhd":1037)
Processing 'hdmi_tx_tmds_encoder_submodule(tmds_channel=1)(RTL)'("D:\github\HRA_product\FPGA_MSXtR\fpga\FPGA_MSXtR\src\hdmi_tx\src\hdmi_tx_gw.vhd":1037)
Processing 'hdmi_tx_tmds_encoder_submodule(tmds_channel=2)(RTL)'("D:\github\HRA_product\FPGA_MSXtR\fpga\FPGA_MSXtR\src\hdmi_tx\src\hdmi_tx_gw.vhd":1037)
Processing 'hdmi_tx_pdiff_submodule(device_family="MAX 10")(1,6)(RTL)'("D:\github\HRA_product\FPGA_MSXtR\fpga\FPGA_MSXtR\src\hdmi_tx\src\hdmi_tx_gw.vhd":1249)
WARN  (EX3670) : Actual bit length 16 differs from formal bit length 24 for port 'pcm_l'("D:\github\HRA_product\FPGA_MSXtR\fpga\FPGA_MSXtR\src\FPGA_MSXtR_body.v":928)
WARN  (EX3670) : Actual bit length 16 differs from formal bit length 24 for port 'pcm_r'("D:\github\HRA_product\FPGA_MSXtR\fpga\FPGA_MSXtR\src\FPGA_MSXtR_body.v":929)
Returning to Verilog mode to proceed with elaboration("D:\github\HRA_product\FPGA_MSXtR\fpga\FPGA_MSXtR\src\FPGA_MSXtR_body.v":934)
WARN  (EX1998) : Net 'w_bus_cartridge_rdata[7]' does not have a driver("D:\github\HRA_product\FPGA_MSXtR\fpga\FPGA_MSXtR\src\FPGA_MSXtR_body.v":153)
WARN  (EX1998) : Net 'w_bus_cartridge_rdata_en' does not have a driver("D:\github\HRA_product\FPGA_MSXtR\fpga\FPGA_MSXtR\src\FPGA_MSXtR_body.v":154)
WARN  (EX1998) : Net 'w_bus_cartridge_ready' does not have a driver("D:\github\HRA_product\FPGA_MSXtR\fpga\FPGA_MSXtR\src\FPGA_MSXtR_body.v":155)
WARN  (EX1998) : Net 'w_bus_megarom1_rdata[7]' does not have a driver("D:\github\HRA_product\FPGA_MSXtR\fpga\FPGA_MSXtR\src\FPGA_MSXtR_body.v":162)
WARN  (EX1998) : Net 'w_bus_megarom1_rdata_en' does not have a driver("D:\github\HRA_product\FPGA_MSXtR\fpga\FPGA_MSXtR\src\FPGA_MSXtR_body.v":163)
WARN  (EX1998) : Net 'w_bus_megarom1_ready' does not have a driver("D:\github\HRA_product\FPGA_MSXtR\fpga\FPGA_MSXtR\src\FPGA_MSXtR_body.v":164)
WARN  (EX1998) : Net 'w_bus_megarom2_rdata[7]' does not have a driver("D:\github\HRA_product\FPGA_MSXtR\fpga\FPGA_MSXtR\src\FPGA_MSXtR_body.v":165)
WARN  (EX1998) : Net 'w_bus_megarom2_rdata_en' does not have a driver("D:\github\HRA_product\FPGA_MSXtR\fpga\FPGA_MSXtR\src\FPGA_MSXtR_body.v":166)
WARN  (EX1998) : Net 'w_bus_megarom2_ready' does not have a driver("D:\github\HRA_product\FPGA_MSXtR\fpga\FPGA_MSXtR\src\FPGA_MSXtR_body.v":167)
WARN  (EX1998) : Net 'w_secondary_slot0[7]' does not have a driver("D:\github\HRA_product\FPGA_MSXtR\fpga\FPGA_MSXtR\src\FPGA_MSXtR_body.v":171)
WARN  (EX1998) : Net 'w_secondary_slot3[7]' does not have a driver("D:\github\HRA_product\FPGA_MSXtR\fpga\FPGA_MSXtR\src\FPGA_MSXtR_body.v":172)
WARN  (EX1998) : Net 'w_megarom1_en' does not have a driver("D:\github\HRA_product\FPGA_MSXtR\fpga\FPGA_MSXtR\src\FPGA_MSXtR_body.v":173)
WARN  (EX1998) : Net 'w_megarom2_en' does not have a driver("D:\github\HRA_product\FPGA_MSXtR\fpga\FPGA_MSXtR\src\FPGA_MSXtR_body.v":174)
WARN  (EX1998) : Net 'w_matrix_x[7]' does not have a driver("D:\github\HRA_product\FPGA_MSXtR\fpga\FPGA_MSXtR\src\FPGA_MSXtR_body.v":234)
WARN  (EX1998) : Net 'w_sltsl0' does not have a driver("D:\github\HRA_product\FPGA_MSXtR\fpga\FPGA_MSXtR\src\FPGA_MSXtR_body.v":239)
WARN  (EX1998) : Net 'w_sltsl1' does not have a driver("D:\github\HRA_product\FPGA_MSXtR\fpga\FPGA_MSXtR\src\FPGA_MSXtR_body.v":240)
WARN  (EX1998) : Net 'w_sltsl2' does not have a driver("D:\github\HRA_product\FPGA_MSXtR\fpga\FPGA_MSXtR\src\FPGA_MSXtR_body.v":241)
WARN  (EX1998) : Net 'w_sltsl3' does not have a driver("D:\github\HRA_product\FPGA_MSXtR\fpga\FPGA_MSXtR\src\FPGA_MSXtR_body.v":242)
WARN  (EX1998) : Net 'w_spi_address[22]' does not have a driver("D:\github\HRA_product\FPGA_MSXtR\fpga\FPGA_MSXtR\src\FPGA_MSXtR_body.v":255)
WARN  (EX1998) : Net 'w_spi_mreq_n' does not have a driver("D:\github\HRA_product\FPGA_MSXtR\fpga\FPGA_MSXtR\src\FPGA_MSXtR_body.v":256)
WARN  (EX1998) : Net 'w_spi_d[7]' does not have a driver("D:\github\HRA_product\FPGA_MSXtR\fpga\FPGA_MSXtR\src\FPGA_MSXtR_body.v":257)
WARN  (EX1998) : Net 'w_keyboard_type' does not have a driver("D:\github\HRA_product\FPGA_MSXtR\fpga\FPGA_MSXtR\src\FPGA_MSXtR_body.v":263)
WARN  (EX1998) : Net 'w_megarom1_mode[2]' does not have a driver("D:\github\HRA_product\FPGA_MSXtR\fpga\FPGA_MSXtR\src\FPGA_MSXtR_body.v":271)
WARN  (EX1998) : Net 'w_megarom2_mode[2]' does not have a driver("D:\github\HRA_product\FPGA_MSXtR\fpga\FPGA_MSXtR\src\FPGA_MSXtR_body.v":279)
WARN  (EX1998) : Net 'w_hdmicontrol[3]' does not have a driver("D:\github\HRA_product\FPGA_MSXtR\fpga\FPGA_MSXtR\src\FPGA_MSXtR_body.v":300)
WARN  (EX1998) : Net 'w_active' does not have a driver("D:\github\HRA_product\FPGA_MSXtR\fpga\FPGA_MSXtR\src\FPGA_MSXtR_body.v":301)
WARN  (EX1998) : Net 'w_cb_rout[7]' does not have a driver("D:\github\HRA_product\FPGA_MSXtR\fpga\FPGA_MSXtR\src\FPGA_MSXtR_body.v":302)
WARN  (EX1998) : Net 'w_cb_gout[7]' does not have a driver("D:\github\HRA_product\FPGA_MSXtR\fpga\FPGA_MSXtR\src\FPGA_MSXtR_body.v":303)
WARN  (EX1998) : Net 'w_cb_bout[7]' does not have a driver("D:\github\HRA_product\FPGA_MSXtR\fpga\FPGA_MSXtR\src\FPGA_MSXtR_body.v":304)
WARN  (EX1998) : Net 'w_hsync' does not have a driver("D:\github\HRA_product\FPGA_MSXtR\fpga\FPGA_MSXtR\src\FPGA_MSXtR_body.v":305)
WARN  (EX1998) : Net 'w_vsync' does not have a driver("D:\github\HRA_product\FPGA_MSXtR\fpga\FPGA_MSXtR\src\FPGA_MSXtR_body.v":306)
WARN  (EX1998) : Net 'w_pcm_fs' does not have a driver("D:\github\HRA_product\FPGA_MSXtR\fpga\FPGA_MSXtR\src\FPGA_MSXtR_body.v":307)
WARN  (EX1998) : Net 'w_pcm_l[15]' does not have a driver("D:\github\HRA_product\FPGA_MSXtR\fpga\FPGA_MSXtR\src\FPGA_MSXtR_body.v":308)
WARN  (EX1998) : Net 'w_pcm_r[15]' does not have a driver("D:\github\HRA_product\FPGA_MSXtR\fpga\FPGA_MSXtR\src\FPGA_MSXtR_body.v":309)
WARN  (EX1998) : Net 'reset_n3' does not have a driver("D:\github\HRA_product\FPGA_MSXtR\fpga\FPGA_MSXtR\src\FPGA_MSXtR_body.v":312)
WARN  (EX2565) : Input 'cc_swap' on this instance is undriven. Assigning to 0, simulation mismatch possible. Please assign the input or remove the declaration("D:\github\HRA_product\FPGA_MSXtR\fpga\FPGA_MSXtR\src\FPGA_MSXtR_body.v":915)
NOTE  (EX0101) : Current top module is "fpga_msxtr"
WARN  (EX0211) : The output port "ioe_sel[2]" of module "fpga_msxtr_body" has no driver, assigning undriven bits to Z, simulation mismatch possible("D:\github\HRA_product\FPGA_MSXtR\fpga\FPGA_MSXtR\src\FPGA_MSXtR_body.v":64)
WARN  (EX0211) : The output port "ioe_sel[1]" of module "fpga_msxtr_body" has no driver, assigning undriven bits to Z, simulation mismatch possible("D:\github\HRA_product\FPGA_MSXtR\fpga\FPGA_MSXtR\src\FPGA_MSXtR_body.v":64)
WARN  (EX0211) : The output port "ioe_sel[0]" of module "fpga_msxtr_body" has no driver, assigning undriven bits to Z, simulation mismatch possible("D:\github\HRA_product\FPGA_MSXtR\fpga\FPGA_MSXtR\src\FPGA_MSXtR_body.v":64)
WARN  (EX0211) : The output port "ioe_reset" of module "fpga_msxtr_body" has no driver, assigning undriven bits to Z, simulation mismatch possible("D:\github\HRA_product\FPGA_MSXtR\fpga\FPGA_MSXtR\src\FPGA_MSXtR_body.v":65)
WARN  (EX0211) : The output port "ioe_clk" of module "fpga_msxtr_body" has no driver, assigning undriven bits to Z, simulation mismatch possible("D:\github\HRA_product\FPGA_MSXtR\fpga\FPGA_MSXtR\src\FPGA_MSXtR_body.v":66)
WARN  (EX0211) : The output port "spi_sys_intr" of module "fpga_msxtr_body" has no driver, assigning undriven bits to Z, simulation mismatch possible("D:\github\HRA_product\FPGA_MSXtR\fpga\FPGA_MSXtR\src\FPGA_MSXtR_body.v":68)
WARN  (EX0211) : The output port "spi_miso" of module "fpga_msxtr_body" has no driver, assigning undriven bits to Z, simulation mismatch possible("D:\github\HRA_product\FPGA_MSXtR\fpga\FPGA_MSXtR\src\FPGA_MSXtR_body.v":72)
WARN  (EX0211) : The output port "i2s_sndin_en" of module "fpga_msxtr_body" has no driver, assigning undriven bits to Z, simulation mismatch possible("D:\github\HRA_product\FPGA_MSXtR\fpga\FPGA_MSXtR\src\FPGA_MSXtR_body.v":74)
WARN  (EX0211) : The output port "srom_cs_n" of module "fpga_msxtr_body" has no driver, assigning undriven bits to Z, simulation mismatch possible("D:\github\HRA_product\FPGA_MSXtR\fpga\FPGA_MSXtR\src\FPGA_MSXtR_body.v":84)
WARN  (EX0211) : The output port "bus_rdata[7]" of module "kanji_rom" has no driver, assigning undriven bits to Z, simulation mismatch possible("D:\github\HRA_product\FPGA_MSXtR\fpga\FPGA_MSXtR\src\kanji_rom\kanji_rom.v":67)
WARN  (EX0211) : The output port "bus_rdata[6]" of module "kanji_rom" has no driver, assigning undriven bits to Z, simulation mismatch possible("D:\github\HRA_product\FPGA_MSXtR\fpga\FPGA_MSXtR\src\kanji_rom\kanji_rom.v":67)
WARN  (EX0211) : The output port "bus_rdata[5]" of module "kanji_rom" has no driver, assigning undriven bits to Z, simulation mismatch possible("D:\github\HRA_product\FPGA_MSXtR\fpga\FPGA_MSXtR\src\kanji_rom\kanji_rom.v":67)
WARN  (EX0211) : The output port "bus_rdata[4]" of module "kanji_rom" has no driver, assigning undriven bits to Z, simulation mismatch possible("D:\github\HRA_product\FPGA_MSXtR\fpga\FPGA_MSXtR\src\kanji_rom\kanji_rom.v":67)
WARN  (EX0211) : The output port "bus_rdata[3]" of module "kanji_rom" has no driver, assigning undriven bits to Z, simulation mismatch possible("D:\github\HRA_product\FPGA_MSXtR\fpga\FPGA_MSXtR\src\kanji_rom\kanji_rom.v":67)
WARN  (EX0211) : The output port "bus_rdata[2]" of module "kanji_rom" has no driver, assigning undriven bits to Z, simulation mismatch possible("D:\github\HRA_product\FPGA_MSXtR\fpga\FPGA_MSXtR\src\kanji_rom\kanji_rom.v":67)
WARN  (EX0211) : The output port "bus_rdata[1]" of module "kanji_rom" has no driver, assigning undriven bits to Z, simulation mismatch possible("D:\github\HRA_product\FPGA_MSXtR\fpga\FPGA_MSXtR\src\kanji_rom\kanji_rom.v":67)
WARN  (EX0211) : The output port "bus_rdata[0]" of module "kanji_rom" has no driver, assigning undriven bits to Z, simulation mismatch possible("D:\github\HRA_product\FPGA_MSXtR\fpga\FPGA_MSXtR\src\kanji_rom\kanji_rom.v":67)
WARN  (EX0211) : The output port "bus_rdata_en" of module "kanji_rom" has no driver, assigning undriven bits to Z, simulation mismatch possible("D:\github\HRA_product\FPGA_MSXtR\fpga\FPGA_MSXtR\src\kanji_rom\kanji_rom.v":68)
[5%] Running netlist conversion ...
WARN  (CV0016) : Input clk27m is unused("D:\github\HRA_product\FPGA_MSXtR\fpga\FPGA_MSXtR\src\FPGA_MSXtR.v":25)
WARN  (CV0016) : Input button is unused("D:\github\HRA_product\FPGA_MSXtR\fpga\FPGA_MSXtR\src\FPGA_MSXtR.v":27)
WARN  (CV0016) : Input spi_cs_n is unused("D:\github\HRA_product\FPGA_MSXtR\fpga\FPGA_MSXtR\src\FPGA_MSXtR.v":40)
WARN  (CV0016) : Input spi_clk is unused("D:\github\HRA_product\FPGA_MSXtR\fpga\FPGA_MSXtR\src\FPGA_MSXtR.v":41)
WARN  (CV0016) : Input spi_mosi is unused("D:\github\HRA_product\FPGA_MSXtR\fpga\FPGA_MSXtR\src\FPGA_MSXtR.v":42)
WARN  (CV0016) : Input i2s_sndin_din is unused("D:\github\HRA_product\FPGA_MSXtR\fpga\FPGA_MSXtR\src\FPGA_MSXtR.v":46)
WARN  (CV0016) : Input i2s_sndin_lrclk is unused("D:\github\HRA_product\FPGA_MSXtR\fpga\FPGA_MSXtR\src\FPGA_MSXtR.v":47)
WARN  (CV0016) : Input i2s_sndin_bclk is unused("D:\github\HRA_product\FPGA_MSXtR\fpga\FPGA_MSXtR\src\FPGA_MSXtR.v":48)
WARN  (CV0017) : Inout config_sio is unused("D:\github\HRA_product\FPGA_MSXtR\fpga\FPGA_MSXtR\src\FPGA_MSXtR.v":62)
Running device independent optimization ...
[10%] Optimizing Phase 0 completed
[15%] Optimizing Phase 1 completed
[25%] Optimizing Phase 2 completed
Running inference ...
[30%] Inferring Phase 0 completed
[40%] Inferring Phase 1 completed
[50%] Inferring Phase 2 completed
[55%] Inferring Phase 3 completed
Running technical mapping ...
[60%] Tech-Mapping Phase 0 completed
[65%] Tech-Mapping Phase 1 completed
[75%] Tech-Mapping Phase 2 completed
[80%] Tech-Mapping Phase 3 completed
[90%] Tech-Mapping Phase 4 completed
WARN  (NL0002) : The module "secondary_slot_inst" instantiated to "u_exp_slot0" is swept in optimizing("D:\github\HRA_product\FPGA_MSXtR\fpga\FPGA_MSXtR\src\FPGA_MSXtR_body.v":571)
WARN  (NL0002) : The module "secondary_slot_inst" instantiated to "u_exp_slot3" is swept in optimizing("D:\github\HRA_product\FPGA_MSXtR\fpga\FPGA_MSXtR\src\FPGA_MSXtR_body.v":591)
WARN  (NL0002) : The module "hdmi_tx" instantiated to "u_hdmi_tx" is swept in optimizing("D:\github\HRA_product\FPGA_MSXtR\fpga\FPGA_MSXtR\src\FPGA_MSXtR_body.v":915)
WARN  (NL0002) : The module "hdmi_tx_audiopacket_submodule" instantiated to "gen_audio.u_audio" is swept in optimizing("D:\github\HRA_product\FPGA_MSXtR\fpga\FPGA_MSXtR\src\hdmi_tx\src\hdmi_tx_gw.vhd":1598)
WARN  (NL0002) : The module "hdmi_tx_scfifo" instantiated to "u_fifo" is swept in optimizing("D:\github\HRA_product\FPGA_MSXtR\fpga\FPGA_MSXtR\src\hdmi_tx\src\hdmi_tx_gw.vhd":473)
WARN  (NL0002) : The module "hdmi_tx_dataisland_submodule" instantiated to "gen_data.u_data" is swept in optimizing("D:\github\HRA_product\FPGA_MSXtR\fpga\FPGA_MSXtR\src\hdmi_tx\src\hdmi_tx_gw.vhd":1671)
WARN  (NL0002) : The module "hdmi_tx_tmds_encoder_submodule" instantiated to "gen_enc[0].u" is swept in optimizing("D:\github\HRA_product\FPGA_MSXtR\fpga\FPGA_MSXtR\src\hdmi_tx\src\hdmi_tx_gw.vhd":1745)
WARN  (NL0002) : The module "hdmi_tx_tmds_encoder_submodule" instantiated to "gen_enc[1].u" is swept in optimizing("D:\github\HRA_product\FPGA_MSXtR\fpga\FPGA_MSXtR\src\hdmi_tx\src\hdmi_tx_gw.vhd":1745)
WARN  (NL0002) : The module "hdmi_tx_tmds_encoder_submodule" instantiated to "gen_enc[2].u" is swept in optimizing("D:\github\HRA_product\FPGA_MSXtR\fpga\FPGA_MSXtR\src\hdmi_tx\src\hdmi_tx_gw.vhd":1745)
WARN  (NL0002) : The module "hdmi_tx_infopacket_submodule" instantiated to "gen_info.u_info" is swept in optimizing("D:\github\HRA_product\FPGA_MSXtR\fpga\FPGA_MSXtR\src\hdmi_tx\src\hdmi_tx_gw.vhd":1631)
WARN  (NL0002) : The module "hdmi_tx_pdiff_submodule" instantiated to "u_ser" is swept in optimizing("D:\github\HRA_product\FPGA_MSXtR\fpga\FPGA_MSXtR\src\hdmi_tx\src\hdmi_tx_gw.vhd":1766)
WARN  (NL0002) : The module "megarom_wo_scc" instantiated to "u_megarom_slot1" is swept in optimizing("D:\github\HRA_product\FPGA_MSXtR\fpga\FPGA_MSXtR\src\FPGA_MSXtR_body.v":815)
WARN  (NL0002) : The module "megarom_wo_scc" instantiated to "u_megarom_slot2" is swept in optimizing("D:\github\HRA_product\FPGA_MSXtR\fpga\FPGA_MSXtR\src\FPGA_MSXtR_body.v":833)
WARN  (NL0002) : The module "memory_mapper_inst" instantiated to "u_memory_mapper" is swept in optimizing("D:\github\HRA_product\FPGA_MSXtR\fpga\FPGA_MSXtR\src\FPGA_MSXtR_body.v":848)
WARN  (NL0002) : The module "memory_mapper" instantiated to "u_memory_mapper" is swept in optimizing("D:\github\HRA_product\FPGA_MSXtR\fpga\FPGA_MSXtR\src\memory_mapper\memory_mapper_inst.v":98)
WARN  (NL0002) : The module "Gowin_rPLL3" instantiated to "u_pll3" is swept in optimizing("D:\github\HRA_product\FPGA_MSXtR\fpga\FPGA_MSXtR\src\FPGA_MSXtR_body.v":334)
[95%] Generate netlist file "D:\github\HRA_product\FPGA_MSXtR\fpga\FPGA_MSXtR\impl\gwsynthesis\FPGA_MSXtR.vg" completed
[100%] Generate report file "D:\github\HRA_product\FPGA_MSXtR\fpga\FPGA_MSXtR\impl\gwsynthesis\FPGA_MSXtR_syn.rpt.html" completed
GowinSynthesis finish
